[0;33m--- esp-idf-monitor 1.9.0 on /dev/ttyACM0 115200[0m
[0;33m--- Quit: Ctrl+] | Menu: Ctrl+T | Help: Ctrl+T followed by Ctrl+H[0m
Executing action: monitor
Running idf_monitor in directory /home/mauro/Progetti/0.Clienti/MicroHard/test_wave
Executing "/home/mauro/.espressif/python_env/idf5.5_py3.13_env/bin/python /home/mauro/esp/v5.5.2/esp-idf/tools/idf_monitor.py -p /dev/ttyACM0 -b 115200 --toolchain-prefix riscv32-esp-elf- --target esp32p4 --revision 1 --decode-panic backtrace /home/mauro/Progetti/0.Clienti/MicroHard/test_wave/build/test_wave.elf /home/mauro/Progetti/0.Clienti/MicroHard/test_wave/build/bootloader/bootloader.elf --no-reset -m '/home/mauro/.espressif/python_env/idf5.5_py3.13_env/bin/python' '/home/mauro/esp/v5.5.2/esp-idf/tools/idf.py' '-p' '/dev/ttyACM0'"...
, track_id=0
[0;32mI (48045) TOUCH: Touch detected: x=500, y=58, strength=13, track_id=0[0m
[0;32mI (48095) TOUCH: Touch detected: x=500, y=58, strength=13, track_id=0[0m
[0;32mI (48145) TOUCH: Touch detected: x=5ected: x=500, y=58, strength=13, track_id=0[0m
[0;32mI (196795) TOUCH: Touch detected: x=500, y=58, strength=13, track_id=0[0m
[0;32mI (196845) TOUCH: Touch detected: x=500, y=58, strength=13, track_id=0[0m
[0;32mI (196895) TOUCH: Touch detected: x=500, y=58, strength=13, track_id=0[0m
[0;32mI (196945) TOUCH: Touch detected: x=500, y=58, strength=13, track_id=0[0m
[0;32mI (196995) TOUCH: Touch detected: x=500, y=58, strength=13, track_id=0[0m
[0;32mI (197045) TOUCH: Touch detected: x=500, y=58, strength=13, track_id=0[0m
[0;32mI (197095) TOUCH: Touch detected: x=500, y=58, strength=13, track_id=0[0m
[0;32mI (197145) USB_CDC_SCANNER: Trying to open CDC device 1EAB:0006[0m
[0;32mI (197145) TOUCH: Touch detected: x=500, y=58, strength=13, track_id=0[0m
[0;32mI (197195) TOUCH: Touch detected: x=500, y=58, strength=13, track_id=0[0m
[0;32mI (197225) WEB_UI: [C] GET /api/logs - Processing request[0m
[0;32mI (197245) TOUCH: Touch detected: x=500, y=58, strength=13, track_id=0[0m
[0;32mI (197305) TOUCH: Touch detected: x=500, y=58, strength=13, track_id=0[0m
[0;32mI (197345) TOUCH: Touch detected: x=500, y=58, strength=13, track_id=0[0m
[0;32mI (197395) TOUCH: Touch detected: x=500, y=58, strength=13, track_id=0[0m
[0;32mI (197445) TOUCH: Touch detected: x=500, y=58, strength=13, track_id=0[0m
[0;32mI (197495) TOUCH: Touch detected: x=500, y=58, strength=13, track_id=0[0m
[0;32mI (197545) TOUCH: Touch detected: x=500, y=58, strength=13, track_id=0[0m
[0;32mI (197595) TOUCH: Touch detected: x=500, y=58, strength=13, track_id=0[0m
[0;32mI (197645) TOUCH: Touch detected: x=500, y=58, strength=13, track_id=0[0m
[0;32mI (197695) TOUCH: Touch detected: x=500, y=58, strength=13, track_id=0[0m
[0;32mI (197745) TOUCH: Touch detected: x=500, y=58, strength=13, track_id=0[0m
[0;32mI (197795) TOUCH: Touch detected: x=500, y=58, strength=13, track_id=0[0m
[0;32mI (197845) TOUCH: Touch detected: x=500, y=58, strength=13, track_id=0[0m
[0;32mI (197895) TOUCH: Touch detected: x=500, y=58, strength=13, track_id=0[0m
[0;32mI (197945) TOUCH: Touch detected: x=500, y=58, strength=13, track_id=0[0m
[0;32mI (197995) TOUCH: Touch detected: x=500, y=58, strength=13, track_id=0[0m
[0;32mI (198045) TOUCH: Touch detected: x=500, y=58, strength=13, track_id=0[0m
[0;32mI (198095) TOUCH: Touch detected: x=500, y=58, strength=13, track_id=0[0m
[0;32mI (198145) USB_CDC_SCANNER: Try dual PID 1EAB:0000[0m
[0;32mI (198145) TOUCH: Touch detected: x=500, y=58, strength=13, track_id=0[0m
[0;32mI (198195) TOUCH: Touch detected: x=500, y=58, strength=13, track_id=0[0m
[0;32mI (198245) TOUCH: Touch detected: x=500, y=58, strength=13, track_id=0[0m
[0;32mI (198295) TOUCH: Touch detected: x=500, y=58, strength=13, track_id=0[0m
[0;32mI (198345) TOUCH: Touch detected: x=500, y=58, strength=13, track_id=0[0m
[0;32mI (198395) TOUCH: Touch detected: x=500, y=58, strength=13, track_id=0[0m
[0;32mI (198445) TOUCH: Touch detected: x=500, y=58, strength=13, track_id=0[0m
[0;32mI (198495) TOUCH: Touch detected: x=500, y=58, strength=13, track_id=0[0m
[0;32mI (198545) TOUCH: Touch detected: x=500, y=58, strength=13, track_id=0[0m
[0;32mI (198595) TOUCH: Touch detected: x=500, y=58, strength=13, track_id=0[0m
[0;32mI (198645) TOUCH: Touch detected: x=500, y=58, strength=13, track_id=0[0m
[0;32mI (198695) TOUCH: Touch detected: x=500, y=58, strength=13, track_id=0[0m
[0;32mI (198745) TOUCH: Touch detected: x=500, y=58, strength=13, track_id=0[0m
[0;32mI (198795) TOUCH: Touch detected: x=500, y=58, strength=13, track_id=0[0m
[0;32mI (198845) TOUCH: Touch detected: x=500, y=58, strength=13, track_id=0[0m
[0;32mI (198895) TOUCH: Touch detected: x=500, y=58, strength=13, track_id=0[0m
[0;32mI (198945) TOUCH: Touch detected: x=500, y=58, strength=13, track_id=0[0m
[0;32mI (198995) TOUCH: Touch detected: x=500, y=58, strength=13, track_id=0[0m
[0;32mI (199045) TOUCH: Touch detected: x=500, y=58, strength=13, track_id=0[0m
[0;32mI (199095) TOUCH: Touch detected: x=500, y=58, strength=13, track_id=0[0m
[0;32mI (199145) USB_CDC_SCANNER: CDC device not found (err=ESP_ERR_NOT_FOUND), enumerating connected devices...[0m
[0;32mI (199145) USB_CDC_SCANNER: USB host reports 0 device(s) connected[0m
[0;32mI (199145) USB_CDC_SCANNER: Retrying in 2s[0m
[0;32mI (199155) TOUCH: Touch detected: x=500, y=58, strength=13, track_id=0[0m
[0;32mI (199195) TOUCH: Touch detected: x=500, y=58, strength=13, track_id=0[0m
[0;32mI (199245) TOUCH: Touch detected: x=500, y=58, strength=13, track_id=0[0m
[0;32mI (199295) TOUCH: Touch detected: x=500, y=58, strength=13, track_id=0[0m
[0;32mI (199345) TOUCH: Touch detected: x=500, y=58, strength=13, track_id=0[0m
[0;32mI (199395) TOUCH: Touch detected: x=500, y=58, strength=13, track_id=0[0m
[0;32mI (199445) TOUCH: Touch detected: x=500, y=58, strength=13, track_id=0[0m
[0;32mI (199495) TOUCH: Touch detected: x=500, y=58, strength=13, track_id=0[0m
[0;32mI (199545) TOUCH: Touch detected: x=500, y=58, strength=13, track_id=0[0m
[0;32mI (199595) TOUCH: Touch detected: x=500, y=58, strength=13, track_id=0[0m
[0;32mI (199645) TOUCH: Touch detected: x=500, y=58, strength=13, track_id=0[0m
[0;32mI (199695) TOUCH: Touch detected: x=500, y=58, strength=13, track_id=0[0m
[0;32mI (199745) TOUCH: Touch detected: x=500, y=58, strength=13, track_id=0[0m
[0;32mI (199795) TOUCH: Touch detected: x=500, y=58, strength=13, track_id=0[0m
[0;32mI (199845) TOUCH: Touch detected: x=500, y=58, strength=13, track_id=0[0m
[0;32mI (199895) TOUCH: Touch detected: x=500, y=58, strength=13, track_id=0[0m
[0;32mI (199945) TOUCH: Touch detected: x=500, y=58, strength=13, track_id=0[0m
[0;32mI (199995) TOUCH: Touch detected: x=500, y=58, strength=13, track_id=0[0m
[0;32mI (200045) TOUCH: Touch detected: x=500, y=58, strength=13, track_id=0[0m
[0;32mI (200095) APP: [M] Device in funzione ✓[0m
[0;32mI (200095) TOUCH: Touch detected: x=500, y=58, strength=13, track_id=0[0m
[0;32mI (200145) TOUCH: Touch detected: x=500, y=58, strength=13, track_id=0[0m
[0;32mI (200195) TOUCH: Touch detected: x=500, y=58, strength=13, track_id=0[0m
[0;32mI (200245) TOUCH: Touch detected: x=500, y=58, strength=13, track_id=0[0m
[0;32mI (200295) TOUCH: Touch detected: x=500, y=58, strength=13, track_id=0[0m
[0;32mI (200345) TOUCH: Touch detected: x=500, y=58, strength=13, track_id=0[0m
[0;32mI (200395) TOUCH: Touch detected: x=500, y=58, strength=13, track_id=0[0m
[0;32mI (200445) TOUCH: Touch detected: x=500, y=58, strength=13, track_id=0[0m
[0;32mI (200495) TOUCH: Touch detected: x=500, y=58, strength=13, track_id=0[0m
[0;32mI (200545) TOUCH: Touch detected: x=500, y=58, strength=13, track_id=0[0m
[0;32mI (200595) TOUCH: Touch detected: x=500, y=58, strength=13, track_id=0[0m
[0;32mI (200645) TOUCH: Touch detected: x=500, y=58, strength=13, track_id=0[0m
[0;32mI (200695) TOUCH: Touch detected: x=500, y=58, strength=13, track_id=0[0m
[0;32mI (200745) TOUCH: Touch detected: x=500, y=58, strength=13, track_id=0[0m
[0;32mI (200795) TOUCH: Touch detected: x=500, y=58, strength=13, track_id=0[0m
[0;32mI (200845) TOUCH: Touch detected: x=500, y=58, strength=13, track_id=0[0m
[0;32mI (200895) TOUCH: Touch detected: x=500, y=58, strength=13, track_id=0[0m
[0;32mI (200945) TOUCH: Touch detected: x=500, y=58, strength=13, track_id=0[0m
[0;32mI (200995) TOUCH: Touch detected: x=500, y=58, strength=13, track_id=0[0m
[0;32mI (201045) TOUCH: Touch detected: x=500, y=58, strength=13, track_id=0[0m
[0;32mI (201095) TOUCH: Touch detected: x=500, y=58, strength=13, track_id=0[0m
[0;32mI (201145) USB_CDC_SCANNER: Trying to open CDC device 1EAB:0006[0m
[0;32mI (201145) TOUCH: Touch detected: x=500, y=58, strength=13, track_id=0[0m
[0;32mI (201195) TOUCH: Touch detected: x=500, y=58, strength=13, track_id=0[0m
[0;32mI (201245) TOUCH: Touch detected: x=500, y=58, strength=13, track_id=0[0m
[0;32mI (201295) TOUCH: Touch detected: x=500, y=58, strength=13, track_id=0[0m
[0;32mI (201345) TOUCH: Touch detected: x=500, y=58, strength=13, track_id=0[0m
[0;32mI (201395) TOUCH: Touch detected: x=500, y=58, strength=13, track_id=0[0m
[0;32mI (201445) TOUCH: Touch detected: x=500, y=58, strength=13, track_id=0[0m
[0;32mI (201495) TOUCH: Touch detected: x=500, y=58, strength=13, track_id=0[0m
[0;32mI (201545) TOUCH: Touch detected: x=500, y=58, strength=13, track_id=0[0m
[0;32mI (201595) TOUCH: Touch detected: x=500, y=58, strength=13, track_id=0[0m
[0;32mI (201645) TOUCH: Touch detected: x=500, y=58, strength=13, track_id=0[0m
[0;32mI (201695) TOUCH: Touch detected: x=500, y=58, strength=13, track_id=0[0m
[0;32mI (201745) TOUCH: Touch detected: x=500, y=58, strength=13, track_id=0[0m
[0;32mI (201795) TOUCH: Touch detected: x=500, y=58, strength=13, track_id=0[0m
[0;32mI (201845) TOUCH: Touch detected: x=500, y=58, strength=13, track_id=0[0m
[0;32mI (201895) TOUCH: Touch detected: x=500, y=58, strength=13, track_id=0[0m
[0;32mI (201945) TOUCH: Touch detected: x=500, y=58, strength=13, track_id=0[0m
[0;32mI (201995) TOUCH: Touch detected: x=500, y=58, strength=13, track_id=0[0m
[0;32mI (202045) TOUCH: Touch detected: x=500, y=58, strength=13, track_id=0[0m
[0;32mI (202095) TOUCH: Touch detected: x=500, y=58, strength=13, track_id=0[0m
[0;32mI (202145) USB_CDC_SCANNER: Try dual PID 1EAB:0000[0m
[0;32mI (202145) TOUCH: Touch detected: x=500, y=58, strength=13, track_id=0[0m
[0;32mI (202195) TOUCH: Touch detected: x=500, y=58, strength=13, track_id=0[0m
[0;32mI (202225) WEB_UI: [C] GET /api/logs - Processing request[0m
[0;32mI (202245) TOUCH: Touch detected: x=500, y=58, strength=13, track_id=0[0m
[0;32mI (202305) TOUCH: Touch detected: x=500, y=58, strength=13, track_id=0[0m
[0;32mI (202345) TOUCH: Touch detected: x=500, y=58, strength=13, track_id=0[0m
[0;32mI (202395) TOUCH: Touch detected: x=500, y=58, strength=13, track_id=0[0m
[0;32mI (202445) TOUCH: Touch detected: x=500, y=58, strength=13, track_id=0[0m
[0;32mI (202495) TOUCH: Touch detected: x=500, y=58, strength=13, track_id=0[0m
[0;32mI (202545) TOUCH: Touch detected: x=500, y=58, strength=13, track_id=0[0m
[0;32mI (202595) TOUCH: Touch detected: x=500, y=58, strength=13, track_id=0[0m
[0;32mI (202645) TOUCH: Touch detected: x=500, y=58, strength=13, track_id=0[0m
[0;32mI (202695) TOUCH: Touch detected: x=500, y=58, strength=13, track_id=0[0m
[0;32mI (202745) TOUCH: Touch detected: x=500, y=58, strength=13, track_id=0[0m
[0;32mI (202795) TOUCH: Touch detected: x=500, y=58, strength=13, track_id=0[0m
[0;32mI (202845) TOUCH: Touch detected: x=500, y=58, strength=13, track_id=0[0m
[0;32mI (202895) TOUCH: Touch detected: x=500, y=58, strength=13, track_id=0[0m
[0;32mI (202945) TOUCH: Touch detected: x=500, y=58, strength=13, track_id=0[0m
[0;32mI (202995) TOUCH: Touch detected: x=500, y=58, strength=13, track_id=0[0m
[0;32mI (203045) TOUCH: Touch detected: x=500, y=58, strength=13, track_id=0[0m
[0;32mI (203095) TOUCH: Touch detected: x=500, y=58, strength=13, track_id=0[0m
[0;32mI (203145) USB_CDC_SCANNER: CDC device not found (err=ESP_ERR_NOT_FOUND), enumerating connected devices...[0m
[0;32mI (203145) USB_CDC_SCANNER: USB host reports 0 device(s) connected[0m
[0;32mI (203145) USB_CDC_SCANNER: Retrying in 2s[0m
[0;32mI (203155) TOUCH: Touch detected: x=500, y=58, strength=13, track_id=0[0m
[0;32mI (203195) TOUCH: Touch detected: x=500, y=58, strength=13, track_id=0[0m
[0;32mI (203245) TOUCH: Touch detected: x=500, y=58, strength=13, track_id=0[0m
[0;32mI (203295) TOUCH: Touch detected: x=500, y=58, strength=13, track_id=0[0m
[0;32mI (203345) TOUCH: Touch detected: x=500, y=58, strength=13, track_id=0[0m
[0;32mI (203395) TOUCH: Touch detected: x=500, y=58, strength=13, track_id=0[0m
[0;32mI (203445) TOUCH: Touch detected: x=500, y=58, strength=13, track_id=0[0m
[0;32mI (203495) TOUCH: Touch detected: x=500, y=58, strength=13, track_id=0[0m
[0;32mI (203545) TOUCH: Touch detected: x=500, y=58, strength=13, track_id=0[0m
[0;32mI (203595) TOUCH: Touch detected: x=500, y=58, strength=13, track_id=0[0m
[0;32mI (203645) TOUCH: Touch detected: x=500, y=58, strength=13, track_id=0[0m
[0;32mI (203695) TOUCH: Touch detected: x=500, y=58, strength=13, track_id=0[0m
[0;32mI (203745) TOUCH: Touch detected: x=500, y=58, strength=13, track_id=0[0m
[0;32mI (203795) TOUCH: Touch detected: x=500, y=58, strength=13, track_id=0[0m
[0;32mI (203845) TOUCH: Touch detected: x=500, y=58, strength=13, track_id=0[0m
[0;32mI (203895) TOUCH: Touch detected: x=500, y=58, strength=13, track_id=0[0m
[0;32mI (203945) TOUCH: Touch detected: x=500, y=58, strength=13, track_id=0[0m
[0;32mI (203995) TOUCH: Touch detected: x=500, y=58, strength=13, track_id=0[0m
[0;32mI (204045) TOUCH: Touch detected: x=500, y=58, strength=13, track_id=0[0m
[0;32mI (204095) TOUCH: Touch detected: x=500, y=58, strength=13, track_id=0[0m
[0;32mI (204145) TOUCH: Touch detected: x=500, y=58, strength=13, track_id=0[0m
[0;32mI (204195) TOUCH: Touch detected: x=500, y=58, strength=13, track_id=0[0m
[0;32mI (204245) TOUCH: Touch detected: x=500, y=58, strength=13, track_id=0[0m
[0;32mI (204295) TOUCH: Touch detected: x=500, y=58, strength=13, track_id=0[0m
[0;32mI (204345) TOUCH: Touch detected: x=500, y=58, strength=13, track_id=0[0m
[0;32mI (204395) TOUCH: Touch detected: x=500, y=58, strength=13, track_id=0[0m
[0;32mI (204445) TOUCH: Touch detected: x=500, y=58, strength=13, track_id=0[0m
[0;32mI (204495) TOUCH: Touch detected: x=500, y=58, strength=13, track_id=0[0m
[0;32mI (204545) TOUCH: Touch detected: x=500, y=58, strength=13, track_id=0[0m
[0;32mI (204595) TOUCH: Touch detected: x=500, y=58, strength=13, track_id=0[0m
[0;32mI (204645) TOUCH: Touch detected: x=500, y=58, strength=13, track_id=0[0m
[0;32mI (204695) TOUCH: Touch detected: x=500, y=58, strength=13, track_id=0[0m
[0;32mI (204745) TOUCH: Touch detected: x=500, y=58, strength=13, track_id=0[0m
[0;32mI (204795) TOUCH: Touch detected: x=500, y=58, strength=13, track_id=0[0m
[0;32mI (204845) TOUCH: Touch detected: x=500, y=58, strength=13, track_id=0[0m
[0;32mI (204895) TOUCH: Touch detected: x=500, y=58, strength=13, track_id=0[0m
[0;32mI (204945) TOUCH: Touch detected: x=500, y=58, strength=13, track_id=0[0m
[0;32mI (204995) TOUCH: Touch detected: x=500, y=58, strength=13, track_id=0[0m
[0;32mI (205045) TOUCH: Touch detected: x=500, y=58, strength=13, track_id=0[0m
[0;32mI (205095) APP: [M] Device in funzione ✓[0m
[0;32mI (205095) TOUCH: Touch detected: x=500, y=58, strength=13, track_id=0[0m
[0;32mI (205145) USB_CDC_SCANNER: Trying to open CDC device 1EAB:0006[0m
[0;32mI (205145) TOUCH: Touch detected: x=500, y=58, strength=13, track_id=0[0m
[0;32mI (205195) TOUCH: Touch detected: x=500, y=58, strength=13, track_id=0[0m
[0;32mI (205245) TOUCH: Touch detected: x=500, y=58, strength=13, track_id=0[0m
[0;32mI (205295) TOUCH: Touch detected: x=500, y=58, strength=13, track_id=0[0m
[0;32mI (205345) TOUCH: Touch detected: x=500, y=58, strength=13, track_id=0[0m
[0;32mI (205395) TOUCH: Touch detected: x=500, y=58, strength=13, track_id=0[0m
[0;32mI (205445) TOUCH: Touch detected: x=500, y=58, strength=13, track_id=0[0m
[0;32mI (205495) TOUCH: Touch detected: x=500, y=58, strength=13, track_id=0[0m
[0;32mI (205545) TOUCH: Touch detected: x=500, y=58, strength=13, track_id=0[0m
[0;32mI (205595) TOUCH: Touch detected: x=500, y=58, strength=13, track_id=0[0m
[0;32mI (205645) TOUCH: Touch detected: x=500, y=58, strength=13, track_id=0[0m
[0;32mI (205695) TOUCH: Touch detected: x=500, y=58, strength=13, track_id=0[0m
[0;32mI (205745) TOUCH: Touch detected: x=500, y=58, strength=13, track_id=0[0m
[0;32mI (205795) TOUCH: Touch detected: x=500, y=58, strength=13, track_id=0[0m
[0;32mI (205845) TOUCH: Touch detected: x=500, y=58, strength=13, track_id=0[0m
[0;32mI (205895) TOUCH: Touch detected: x=500, y=58, strength=13, track_id=0[0m
[0;32mI (205945) TOUCH: Touch detected: x=500, y=58, strength=13, track_id=0[0m
[0;32mI (205995) TOUCH: Touch detected: x=500, y=58, strength=13, track_id=0[0m
[0;32mI (206045) TOUCH: Touch detected: x=500, y=58, strength=13, track_id=0[0m
[0;32mI (206095) TOUCH: Touch detected: x=500, y=58, strength=13, track_id=0[0m
[0;32mI (206145) USB_CDC_SCANNER: Try dual PID 1EAB:0000[0m
[0;32mI (206145) TOUCH: Touch detected: x=500, y=58, strength=13, track_id=0[0m
[0;32mI (206195) TOUCH: Touch detected: x=500, y=58, strength=13, track_id=0[0m
[0;32mI (206245) TOUCH: Touch detected: x=500, y=58, strength=13, track_id=0[0m
[0;32mI (206295) TOUCH: Touch detected: x=500, y=58, strength=13, track_id=0[0m
[0;32mI (206345) TOUCH: Touch detected: x=500, y=58, strength=13, track_id=0[0m
[0;32mI (206395) TOUCH: Touch detected: x=500, y=58, strength=13, track_id=0[0m
[0;32mI (206445) TOUCH: Touch detected: x=500, y=58, strength=13, track_id=0[0m
[0;32mI (206495) TOUCH: Touch detected: x=500, y=58, strength=13, track_id=0[0m
[0;32mI (206545) TOUCH: Touch detected: x=500, y=58, strength=13, track_id=0[0m
[0;32mI (206595) TOUCH: Touch detected: x=500, y=58, strength=13, track_id=0[0m
[0;32mI (206645) TOUCH: Touch detected: x=500, y=58, strength=13, track_id=0[0m
[0;32mI (206695) TOUCH: Touch detected: x=500, y=58, strength=13, track_id=0[0m
[0;32mI (206745) TOUCH: Touch detected: x=500, y=58, strength=13, track_id=0[0m
[0;32mI (206795) TOUCH: Touch detected: x=500, y=58, strength=13, track_id=0[0m
[0;32mI (206845) TOUCH: Touch detected: x=500, y=58, strength=13, track_id=0[0m
[0;32mI (206895) TOUCH: Touch detected: x=500, y=58, strength=13, track_id=0[0m
[0;32mI (206945) TOUCH: Touch detected: x=500, y=58, strength=13, track_id=0[0m
[0;32mI (206995) TOUCH: Touch detected: x=500, y=58, strength=13, track_id=0[0m
[0;32mI (207045) TOUCH: Touch detected: x=500, y=58, strength=13, track_id=0[0m
[0;32mI (207095) TOUCH: Touch detected: x=500, y=58, strength=13, track_id=0[0m
[0;32mI (207145) USB_CDC_SCANNER: CDC device not found (err=ESP_ERR_NOT_FOUND), enumerating connected devices...[0m
[0;32mI (207145) USB_CDC_SCANNER: USB host reports 0 device(s) connected[0m
[0;32mI (207145) USB_CDC_SCANNER: Retrying in 2s[0m
[0;32mI (207155) TOUCH: Touch detected: x=500, y=58, strength=13, track_id=0[0m
[0;32mI (207195) TOUCH: Touch detected: x=500, y=58, strength=13, track_id=0[0m
[0;32mI (207225) WEB_UI: [C] GET /api/logs - Processing request[0m
[0;32mI (207245) TOUCH: Touch detected: x=500, y=58, strength=13, track_id=0[0m
[0;32mI (207305) TOUCH: Touch detected: x=500, y=58, strength=13, track_id=0[0m
[0;32mI (207345) TOUCH: Touch detected: x=500, y=58, strength=13, track_id=0[0m
[0;32mI (207395) TOUCH: Touch detected: x=500, y=58, strength=13, track_id=0[0m
[0;32mI (207445) TOUCH: Touch detected: x=500, y=58, strength=13, track_id=0[0m
[0;32mI (207495) TOUCH: Touch detected: x=500, y=58, strength=13, track_id=0[0m
[0;32mI (207545) TOUCH: Touch detected: x=500, y=58, strength=13, track_id=0[0m
[0;32mI (207595) TOUCH: Touch detected: x=500, y=58, strength=13, track_id=0[0m
[0;32mI (207645) TOUCH: Touch detected: x=500, y=58, strength=13, track_id=0[0m
[0;32mI (207695) TOUCH: Touch detected: x=500, y=58, strength=13, track_id=0[0m
[0;32mI (207745) TOUCH: Touch detected: x=500, y=58, strength=13, track_id=0[0m
[0;32mI (207795) TOUCH: Touch detected: x=500, y=58, strength=13, track_id=0[0m
[0;32mI (207845) TOUCH: Touch detected: x=500, y=58, strength=13, track_id=0[0m
[0;32mI (207895) TOUCH: Touch detected: x=500, y=58, strength=13, track_id=0[0m
[0;32mI (207945) TOUCH: Touch detected: x=500, y=58, strength=13, track_id=0[0m
[0;32mI (207995) TOUCH: Touch detected: x=500, y=58, strength=13, track_id=0[0m
[0;32mI (208045) TOUCH: Touch detected: x=500, y=58, strength=13, track_id=0[0m
[0;32mI (208095) TOUCH: Touch detected: x=500, y=58, strength=13, track_id=0[0m
[0;32mI (208145) TOUCH: Touch detected: x=500, y=58, strength=13, track_id=0[0m
[0;32mI (208195) TOUCH: Touch detected: x=500, y=58, strength=13, track_id=0[0m
[0;32mI (208245) TOUCH: Touch detected: x=500, y=58, strength=13, track_id=0[0m
[0;32mI (208295) TOUCH: Touch detected: x=500, y=58, strength=13, track_id=0[0m
[0;32mI (208345) TOUCH: Touch detected: x=500, y=58, strength=13, track_id=0[0m
[0;32mI (208395) TOUCH: Touch detected: x=500, y=58, strength=13, track_id=0[0m
[0;32mI (208445) TOUCH: Touch detected: x=500, y=58, strength=13, track_id=0[0m
[0;32mI (208495) TOUCH: Touch detected: x=500, y=58, strength=13, track_id=0[0m
[0;32mI (208545) TOUCH: Touch detected: x=500, y=58, strength=13, track_id=0[0m
[0;32mI (208595) TOUCH: Touch detected: x=500, y=58, strength=13, track_id=0[0m
[0;32mI (208645) TOUCH: Touch detected: x=500, y=58, strength=13, track_id=0[0m
[0;32mI (208695) TOUCH: Touch detected: x=500, y=58, strength=13, track_id=0[0m
[0;32mI (208745) TOUCH: Touch detected: x=500, y=58, strength=13, track_id=0[0m
[0;32mI (208795) TOUCH: Touch detected: x=500, y=58, strength=13, track_id=0[0m
[0;32mI (208845) TOUCH: Touch detected: x=500, y=58, strength=13, track_id=0[0m
[0;32mI (208895) TOUCH: Touch detected: x=500, y=58, strength=13, track_id=0[0m
[0;32mI (208945) TOUCH: Touch detected: x=500, y=58, strength=13, track_id=0[0m
[0;32mI (208995) TOUCH: Touch detected: x=500, y=58, strength=13, track_id=0[0m
[0;32mI (209045) TOUCH: Touch detected: x=500, y=58, strength=13, track_id=0[0m
[0;32mI (209095) TOUCH: Touch detected: x=500, y=58, strength=13, track_id=0[0m
[0;32mI (209145) USB_CDC_SCANNER: Trying to open CDC device 1EAB:0006[0m
[0;32mI (209145) TOUCH: Touch detected: x=500, y=58, strength=13, track_id=0[0m
[0;32mI (209195) TOUCH: Touch detected: x=500, y=58, strength=13, track_id=0[0m
[0;32mI (209245) TOUCH: Touch detected: x=500, y=58, strength=13, track_id=0[0m
[0;32mI (209295) TOUCH: Touch detected: x=500, y=58, strength=13, track_id=0[0m
[0;32mI (209345) TOUCH: Touch detected: x=500, y=58, strength=13, track_id=0[0m
[0;32mI (209395) TOUCH: Touch detected: x=500, y=58, strength=13, track_id=0[0m
[0;32mI (209445) TOUCH: Touch detected: x=500, y=58, strength=13, track_id=0[0m
[0;32mI (209495) TOUCH: Touch detected: x=500, y=58, strength=13, track_id=0[0m
[0;32mI (209545) TOUCH: Touch detected: x=500, y=58, strength=13, track_id=0[0m
[0;32mI (209595) TOUCH: Touch detected: x=500, y=58, strength=13, track_id=0[0m
[0;32mI (209645) TOUCH: Touch detected: x=500, y=58, strength=13, track_id=0[0m
[0;32mI (209695) TOUCH: Touch detected: x=500, y=58, strength=13, track_id=0[0m
[0;32mI (209745) TOUCH: Touch detected: x=500, y=58, strength=13, track_id=0[0m
[0;32mI (209795) TOUCH: Touch detected: x=500, y=58, strength=13, track_id=0[0m
[0;32mI (209845) TOUCH: Touch detected: x=500, y=58, strength=13, track_id=0[0m
[0;32mI (209895) TOUCH: Touch detected: x=500, y=58, strength=13, track_id=0[0m
[0;32mI (209945) TOUCH: Touch detected: x=500, y=58, strength=13, track_id=0[0m
[0;32mI (209995) TOUCH: Touch detected: x=500, y=58, strength=13, track_id=0[0m
[0;32mI (210045) TOUCH: Touch detected: x=500, y=58, strength=13, track_id=0[0m
[0;32mI (210095) APP: [M] Device in funzione ✓[0m
[0;32mI (210095) TOUCH: Touch detected: x=500, y=58, strength=13, track_id=0[0m
[0;32mI (210145) USB_CDC_SCANNER: Try dual PID 1EAB:0000[0m
[0;32mI (210145) TOUCH: Touch detected: x=500, y=58, strength=13, track_id=0[0m
[0;32mI (210195) TOUCH: Touch detected: x=500, y=58, strength=13, track_id=0[0m
[0;32mI (210245) TOUCH: Touch detected: x=500, y=58, strength=13, track_id=0[0m
[0;32mI (210295) TOUCH: Touch detected: x=500, y=58, strength=13, track_id=0[0m
[0;32mI (210345) TOUCH: Touch detected: x=500, y=58, strength=13, track_id=0[0m
[0;32mI (210395) TOUCH: Touch detected: x=500, y=58, strength=13, track_id=0[0m
[0;32mI (210445) TOUCH: Touch detected: x=500, y=58, strength=13, track_id=0[0m
[0;32mI (210495) TOUCH: Touch detected: x=500, y=58, strength=13, track_id=0[0m
[0;32mI (210545) TOUCH: Touch detected: x=500, y=58, strength=13, track_id=0[0m
[0;32mI (210595) TOUCH: Touch detected: x=500, y=58, strength=13, track_id=0[0m
[0;32mI (210645) TOUCH: Touch detected: x=500, y=58, strength=13, track_id=0[0m
[0;32mI (210695) TOUCH: Touch detected: x=500, y=58, strength=13, track_id=0[0m
[0;32mI (210745) TOUCH: Touch detected: x=500, y=58, strength=13, track_id=0[0m
[0;32mI (210795) TOUCH: Touch detected: x=500, y=58, strength=13, track_id=0[0m
[0;32mI (210845) TOUCH: Touch detected: x=500, y=58, strength=13, track_id=0[0m
[0;32mI (210895) TOUCH: Touch detected: x=500, y=58, strength=13, track_id=0[0m
[0;32mI (210945) TOUCH: Touch detected: x=500, y=58, strength=13, track_id=0[0m
[0;32mI (210995) TOUCH: Touch detected: x=500, y=58, strength=13, track_id=0[0m
[0;32mI (211045) TOUCH: Touch detected: x=500, y=58, strength=13, track_id=0[0m
[0;32mI (211095) TOUCH: Touch detected: x=500, y=58, strength=13, track_id=0[0m
[0;32mI (211145) USB_CDC_SCANNER: CDC device not found (err=ESP_ERR_NOT_FOUND), enumerating connected devices...[0m
[0;32mI (211145) USB_CDC_SCANNER: USB host reports 0 device(s) connected[0m
[0;32mI (211145) USB_CDC_SCANNER: Retrying in 2s[0m
[0;32mI (211155) TOUCH: Touch detected: x=500, y=58, strength=13, track_id=0[0m
[0;32mI (211195) TOUCH: Touch detected: x=500, y=58, strength=13, track_id=0[0m
[0;32mI (211245) TOUCH: Touch detected: x=500, y=58, strength=13, track_id=0[0m
[0;32mI (211295) TOUCH: Touch detected: x=500, y=58, strength=13, track_id=0[0m
[0;32mI (211345) TOUCH: Touch detected: x=500, y=58, strength=13, track_id=0[0m
[0;32mI (211395) TOUCH: Touch detected: x=500, y=58, strength=13, track_id=0[0m
[0;32mI (211445) TOUCH: Touch detected: x=500, y=58, strength=13, track_id=0[0m
[0;32mI (211495) TOUCH: Touch detected: x=500, y=58, strength=13, track_id=0[0m
[0;32mI (211545) TOUCH: Touch detected: x=500, y=58, strength=13, track_id=0[0m
[0;32mI (211595) TOUCH: Touch detected: x=500, y=58, strength=13, track_id=0[0m
[0;32mI (211645) TOUCH: Touch detected: x=500, y=58, strength=13, track_id=0[0m
[0;32mI (211695) TOUCH: Touch detected: x=500, y=58, strength=13, track_id=0[0m
[0;32mI (211745) TOUCH: Touch detected: x=500, y=58, strength=13, track_id=0[0m
[0;32mI (211795) TOUCH: Touch detected: x=500, y=58, strength=13, track_id=0[0m
[0;32mI (211845) TOUCH: Touch detected: x=500, y=58, strength=13, track_id=0[0m
[0;32mI (211895) TOUCH: Touch detected: x=500, y=58, strength=13, track_id=0[0m
[0;32mI (211945) TOUCH: Touch detected: x=500, y=58, strength=13, track_id=0[0m
[0;32mI (211995) TOUCH: Touch detected: x=500, y=58, strength=13, track_id=0[0m
[0;32mI (212045) TOUCH: Touch detected: x=500, y=58, strength=13, track_id=0[0m
[0;32mI (212095) TOUCH: Touch detected: x=500, y=58, strength=13, track_id=0[0m
[0;32mI (212145) TOUCH: Touch detected: x=500, y=58, strength=13, track_id=0[0m
[0;32mI (212195) TOUCH: Touch detected: x=500, y=58, strength=13, track_id=0[0m
[0;32mI (212225) WEB_UI: [C] GET /api/logs - Processing request[0m
[0;32mI (212245) TOUCH: Touch detected: x=500, y=58, strength=13, track_id=0[0m
[0;32mI (212305) TOUCH: Touch detected: x=500, y=58, strength=13, track_id=0[0m
[0;32mI (212345) TOUCH: Touch detected: x=500, y=58, strength=13, track_id=0[0m
[0;32mI (212395) TOUCH: Touch detected: x=500, y=58, strength=13, track_id=0[0m
[0;32mI (212445) TOUCH: Touch detected: x=500, y=58, strength=13, track_id=0[0m
[0;32mI (212495) TOUCH: Touch detected: x=500, y=58, strength=13, track_id=0[0m
[0;32mI (212545) TOUCH: Touch detected: x=500, y=58, strength=13, track_id=0[0m
[0;32mI (212595) TOUCH: Touch detected: x=500, y=58, strength=13, track_id=0[0m
[0;32mI (212645) TOUCH: Touch detected: x=500, y=58, strength=13, track_id=0[0m
[0;32mI (212695) TOUCH: Touch detected: x=500, y=58, strength=13, track_id=0[0m
[0;32mI (212745) TOUCH: Touch detected: x=500, y=58, strength=13, track_id=0[0m
[0;32mI (212795) TOUCH: Touch detected: x=500, y=58, strength=13, track_id=0[0m
[0;32mI (212845) TOUCH: Touch detected: x=500, y=58, strength=13, track_id=0[0m
[0;32mI (212895) TOUCH: Touch detected: x=500, y=58, strength=13, track_id=0[0m
[0;32mI (212945) TOUCH: Touch detected: x=500, y=58, strength=13, track_id=0[0m
[0;32mI (212995) TOUCH: Touch detected: x=500, y=58, strength=13, track_id=0[0m
[0;32mI (213045) TOUCH: Touch detected: x=500, y=58, strength=13, track_id=0[0m
[0;32mI (213095) TOUCH: Touch detected: x=500, y=58, strength=13, track_id=0[0m
[0;32mI (213145) USB_CDC_SCANNER: Trying to open CDC device 1EAB:0006[0m
[0;32mI (213145) TOUCH: Touch detected: x=500, y=58, strength=13, track_id=0[0m
[0;32mI (213195) TOUCH: Touch detected: x=500, y=58, strength=13, track_id=0[0m
[0;32mI (213245) TOUCH: Touch detected: x=500, y=58, strength=13, track_id=0[0m
[0;32mI (213295) TOUCH: Touch detected: x=500, y=58, strength=13, track_id=0[0m
[0;32mI (213345) TOUCH: Touch detected: x=500, y=58, strength=13, track_id=0[0m
[0;32mI (213395) TOUCH: Touch detected: x=500, y=58, strength=13, track_id=0[0m
[0;32mI (213445) TOUCH: Touch detected: x=500, y=58, strength=13, track_id=0[0m
[0;32mI (213495) TOUCH: Touch detected: x=500, y=58, strength=13, track_id=0[0m
[0;32mI (213545) TOUCH: Touch detected: x=500, y=58, strength=13, track_id=0[0m
[0;32mI (213595) TOUCH: Touch detected: x=500, y=58, strength=13, track_id=0[0m
[0;32mI (213645) TOUCH: Touch detected: x=500, y=58, strength=13, track_id=0[0m
[0;32mI (213695) TOUCH: Touch detected: x=500, y=58, strength=13, track_id=0[0m
[0;32mI (213745) TOUCH: Touch detected: x=500, y=58, strength=13, track_id=0[0m
[0;32mI (213795) TOUCH: Touch detected: x=500, y=58, strength=13, track_id=0[0m
[0;32mI (213845) TOUCH: Touch detected: x=500, y=58, strength=13, track_id=0[0m
[0;32mI (213895) TOUCH: Touch detected: x=500, y=58, strength=13, track_id=0[0m
[0;32mI (213945) TOUCH: Touch detected: x=500, y=58, strength=13, track_id=0[0m
[0;32mI (213995) TOUCH: Touch detected: x=500, y=58, strength=13, track_id=0[0m
[0;32mI (214045) TOUCH: Touch detected: x=500, y=58, strength=13, track_id=0[0m
[0;32mI (214095) TOUCH: Touch detected: x=500, y=58, strength=13, track_id=0[0m
[0;32mI (214145) USB_CDC_SCANNER: Try dual PID 1EAB:0000[0m
[0;32mI (214145) TOUCH: Touch detected: x=500, y=58, strength=13, track_id=0[0m
[0;32mI (214195) TOUCH: Touch detected: x=500, y=58, strength=13, track_id=0[0m
[0;32mI (214245) TOUCH: Touch detected: x=500, y=58, strength=13, track_id=0[0m
[0;32mI (214295) TOUCH: Touch detected: x=500, y=58, strength=13, track_id=0[0m
[0;32mI (214345) TOUCH: Touch detected: x=500, y=58, strength=13, track_id=0[0m
[0;32mI (214395) TOUCH: Touch detected: x=500, y=58, strength=13, track_id=0[0m
[0;32mI (214445) TOUCH: Touch detected: x=500, y=58, strength=13, track_id=0[0m
[0;32mI (214495) TOUCH: Touch detected: x=500, y=58, strength=13, track_id=0[0m
[0;32mI (214545) TOUCH: Touch detected: x=500, y=58, strength=13, track_id=0[0m
[0;32mI (214595) TOUCH: Touch detected: x=500, y=58, strength=13, track_id=0[0m
[0;32mI (214645) TOUCH: Touch detected: x=500, y=58, strength=13, track_id=0[0m
[0;32mI (214695) TOUCH: Touch detected: x=500, y=58, strength=13, track_id=0[0m
[0;32mI (214745) TOUCH: Touch detected: x=500, y=58, strength=13, track_id=0[0m
[0;32mI (214795) TOUCH: Touch detected: x=500, y=58, strength=13, track_id=0[0m
[0;32mI (214845) TOUCH: Touch detected: x=500, y=58, strength=13, track_id=0[0m
[0;32mI (214895) TOUCH: Touch detected: x=500, y=58, strength=13, track_id=0[0m
[0;32mI (214945) TOUCH: Touch detected: x=500, y=58, strength=13, track_id=0[0m
[0;32mI (214995) TOUCH: Touch detected: x=500, y=58, strength=13, track_id=0[0m
[0;32mI (215045) TOUCH: Touch detected: x=500, y=58, strength=13, track_id=0[0m
[0;32mI (215095) APP: [M] Device in funzione ✓[0m
[0;32mI (215095) TOUCH: Touch detected: x=500, y=58, strength=13, track_id=0[0m
[0;32mI (215145) USB_CDC_SCANNER: CDC device not found (err=ESP_ERR_NOT_FOUND), enumerating connected devices...[0m
[0;32mI (215145) USB_CDC_SCANNER: USB host reports 0 device(s) connected[0m
[0;32mI (215145) USB_CDC_SCANNER: Retrying in 2s[0m
[0;32mI (215155) TOUCH: Touch detected: x=500, y=58, strength=13, track_id=0[0m
[0;32mI (215195) TOUCH: Touch detected: x=500, y=58, strength=13, track_id=0[0m
[0;32mI (215245) TOUCH: Touch detected: x=500, y=58, strength=13, track_id=0[0m
[0;32mI (215295) TOUCH: Touch detected: x=500, y=58, strength=13, track_id=0[0m
[0;32mI (215345) TOUCH: Touch detected: x=500, y=58, strength=13, track_id=0[0m
[0;32mI (215395) TOUCH: Touch detected: x=500, y=58, strength=13, track_id=0[0m
[0;32mI (215445) TOUCH: Touch detected: x=500, y=58, strength=13, track_id=0[0m
[0;32mI (215495) TOUCH: Touch detected: x=500, y=58, strength=13, track_id=0[0m
[0;32mI (215545) TOUCH: Touch detected: x=500, y=58, strength=13, track_id=0[0m
[0;32mI (215595) TOUCH: Touch detected: x=500, y=58, strength=13, track_id=0[0m
[0;32mI (215645) TOUCH: Touch detected: x=500, y=58, strength=13, track_id=0[0m
[0;32mI (215695) TOUCH: Touch detected: x=500, y=58, strength=13, track_id=0[0m
[0;32mI (215745) TOUCH: Touch detected: x=500, y=58, strength=13, track_id=0[0m
[0;32mI (215795) TOUCH: Touch detected: x=500, y=58, strength=13, track_id=0[0m
[0;32mI (215845) TOUCH: Touch detected: x=500, y=58, strength=13, track_id=0[0m
[0;32mI (215895) TOUCH: Touch detected: x=500, y=58, strength=13, track_id=0[0m
[0;32mI (215945) TOUCH: Touch detected: x=500, y=58, strength=13, track_id=0[0m
[0;32mI (215995) TOUCH: Touch detected: x=500, y=58, strength=13, track_id=0[0m
[0;32mI (216045) TOUCH: Touch detected: x=500, y=58, strength=13, track_id=0[0m
[0;32mI (216095) TOUCH: Touch detected: x=500, y=58, strength=13, track_id=0[0m
[0;32mI (216145) TOUCH: Touch detected: x=500, y=58, strength=13, track_id=0[0m
[0;32mI (216195) TOUCH: Touch detected: x=500, y=58, strength=13, track_id=0[0m
[0;32mI (216245) TOUCH: Touch detected: x=500, y=58, strength=13, track_id=0[0m
[0;32mI (216295) TOUCH: Touch detected: x=500, y=58, strength=13, track_id=0[0m
[0;32mI (216345) TOUCH: Touch detected: x=500, y=58, strength=13, track_id=0[0m
[0;32mI (216395) TOUCH: Touch detected: x=500, y=58, strength=13, track_id=0[0m
[0;32mI (216445) TOUCH: Touch detected: x=500, y=58, strength=13, track_id=0[0m
[0;32mI (216495) TOUCH: Touch detected: x=500, y=58, strength=13, track_id=0[0m
[0;32mI (216545) TOUCH: Touch detected: x=500, y=58, strength=13, track_id=0[0m
[0;32mI (216595) TOUCH: Touch detected: x=500, y=58, strength=13, track_id=0[0m
[0;32mI (216645) TOUCH: Touch detected: x=500, y=58, strength=13, track_id=0[0m
[0;32mI (216695) TOUCH: Touch detected: x=500, y=58, strength=13, track_id=0[0m
[0;32mI (216745) TOUCH: Touch detected: x=500, y=58, strength=13, track_id=0[0m
[0;32mI (216795) TOUCH: Touch detected: x=500, y=58, strength=13, track_id=0[0m
[0;32mI (216845) TOUCH: Touch detected: x=500, y=58, strength=13, track_id=0[0m
[0;32mI (216895) TOUCH: Touch detected: x=500, y=58, strength=13, track_id=0[0m
[0;32mI (216945) TOUCH: Touch detected: x=500, y=58, strength=13, track_id=0[0m
[0;32mI (216995) TOUCH: Touch detected: x=500, y=58, strength=13, track_id=0[0m
[0;32mI (217045) TOUCH: Touch detected: x=500, y=58, strength=13, track_id=0[0m
[0;32mI (217095) TOUCH: Touch detected: x=500, y=58, strength=13, track_id=0[0m
[0;32mI (217145) USB_CDC_SCANNER: Trying to open CDC device 1EAB:0006[0m
[0;32mI (217145) TOUCH: Touch detected: x=500, y=58, strength=13, track_id=0[0m
[0;32mI (217195) TOUCH: Touch detected: x=500, y=58, strength=13, track_id=0[0m
[0;32mI (217225) WEB_UI: [C] GET /api/logs - Processing request[0m
[0;32mI (217245) TOUCH: Touch detected: x=500, y=58, strength=13, track_id=0[0m
[0;32mI (217305) TOUCH: Touch detected: x=500, y=58, strength=13, track_id=0[0m
[0;32mI (217345) TOUCH: Touch detected: x=500, y=58, strength=13, track_id=0[0m
[0;32mI (217395) TOUCH: Touch detected: x=500, y=58, strength=13, track_id=0[0m
[0;32mI (217445) TOUCH: Touch detected: x=500, y=58, strength=13, track_id=0[0m
[0;32mI (217495) TOUCH: Touch detected: x=500, y=58, strength=13, track_id=0[0m
[0;32mI (217545) TOUCH: Touch detected: x=500, y=58, strength=13, track_id=0[0m
[0;32mI (217595) TOUCH: Touch detected: x=500, y=58, strength=13, track_id=0[0m
[0;32mI (217645) TOUCH: Touch detected: x=500, y=58, strength=13, track_id=0[0m
[0;32mI (217695) TOUCH: Touch detected: x=500, y=58, strength=13, track_id=0[0m
[0;32mI (217745) TOUCH: Touch detected: x=500, y=58, strength=13, track_id=0[0m
[0;32mI (217795) TOUCH: Touch detected: x=500, y=58, strength=13, track_id=0[0m
[0;32mI (217845) TOUCH: Touch detected: x=500, y=58, strength=13, track_id=0[0m
[0;32mI (217895) TOUCH: Touch detected: x=500, y=58, strength=13, track_id=0[0m
[0;32mI (217945) TOUCH: Touch detected: x=500, y=58, strength=13, track_id=0[0m
[0;32mI (217995) TOUCH: Touch detected: x=500, y=58, strength=13, track_id=0[0m
[0;32mI (218045) TOUCH: Touch detected: x=500, y=58, strength=13, track_id=0[0m
[0;32mI (218095) TOUCH: Touch detected: x=500, y=58, strength=13, track_id=0[0m
[0;32mI (218145) USB_CDC_SCANNER: Try dual PID 1EAB:0000[0m
[0;32mI (218145) TOUCH: Touch detected: x=500, y=58, strength=13, track_id=0[0m
[0;32mI (218195) TOUCH: Touch detected: x=500, y=58, strength=13, track_id=0[0m
[0;32mI (218245) TOUCH: Touch detected: x=500, y=58, strength=13, track_id=0[0m
[0;32mI (218295) TOUCH: Touch detected: x=500, y=58, strength=13, track_id=0[0m
[0;32mI (218345) TOUCH: Touch detected: x=500, y=58, strength=13, track_id=0[0m
[0;32mI (218395) TOUCH: Touch detected: x=500, y=58, strength=13, track_id=0[0m
[0;32mI (218445) TOUCH: Touch detected: x=500, y=58, strength=13, track_id=0[0m
[0;32mI (218495) TOUCH: Touch detected: x=500, y=58, strength=13, track_id=0[0m
[0;32mI (218545) TOUCH: Touch detected: x=500, y=58, strength=13, track_id=0[0m
[0;32mI (218595) TOUCH: Touch detected: x=500, y=58, strength=13, track_id=0[0m
[0;32mI (218645) TOUCH: Touch detected: x=500, y=58, strength=13, track_id=0[0m
[0;32mI (218695) TOUCH: Touch detected: x=500, y=58, strength=13, track_id=0[0m
[0;32mI (218745) TOUCH: Touch detected: x=500, y=58, strength=13, track_id=0[0m
[0;32mI (218795) TOUCH: Touch detected: x=500, y=58, strength=13, track_id=0[0m
[0;32mI (218845) TOUCH: Touch detected: x=500, y=58, strength=13, track_id=0[0m
[0;32mI (218895) TOUCH: Touch detected: x=500, y=58, strength=13, track_id=0[0m
[0;32mI (218945) TOUCH: Touch detected: x=500, y=58, strength=13, track_id=0[0m
[0;32mI (218995) TOUCH: Touch detected: x=500, y=58, strength=13, track_id=0[0m
[0;32mI (219045) TOUCH: Touch detected: x=500, y=58, strength=13, track_id=0[0m
[0;32mI (219095) TOUCH: Touch detected: x=500, y=58, strength=13, track_id=0[0m
[0;32mI (219145) USB_CDC_SCANNER: CDC device not found (err=ESP_ERR_NOT_FOUND), enumerating connected devices...[0m
[0;32mI (219145) USB_CDC_SCANNER: USB host reports 0 device(s) connected[0m
[0;32mI (219145) USB_CDC_SCANNER: Retrying in 2s[0m
[0;32mI (219155) TOUCH: Touch detected: x=500, y=58, strength=13, track_id=0[0m
[0;32mI (219195) TOUCH: Touch detected: x=500, y=58, strength=13, track_id=0[0m
[0;32mI (219245) TOUCH: Touch detected: x=500, y=58, strength=13, track_id=0[0m
[0;32mI (219295) TOUCH: Touch detected: x=500, y=58, strength=13, track_id=0[0m
[0;32mI (219345) TOUCH: Touch detected: x=500, y=58, strength=13, track_id=0[0m
[0;32mI (219395) TOUCH: Touch detected: x=500, y=58, strength=13, track_id=0[0m
[0;32mI (219445) TOUCH: Touch detected: x=500, y=58, strength=13, track_id=0[0m
[0;32mI (219495) TOUCH: Touch detected: x=500, y=58, strength=13, track_id=0[0m
[0;32mI (219545) TOUCH: Touch detected: x=500, y=58, strength=13, track_id=0[0m
[0;32mI (219595) TOUCH: Touch detected: x=500, y=58, strength=13, track_id=0[0m
[0;32mI (219645) TOUCH: Touch detected: x=500, y=58, strength=13, track_id=0[0m
[0;32mI (219695) TOUCH: Touch detected: x=500, y=58, strength=13, track_id=0[0m
[0;32mI (219745) TOUCH: Touch detected: x=500, y=58, strength=13, track_id=0[0m
[0;32mI (219795) TOUCH: Touch detected: x=500, y=58, strength=13, track_id=0[0m
[0;32mI (219845) TOUCH: Touch detected: x=500, y=58, strength=13, track_id=0[0m
[0;32mI (219895) TOUCH: Touch detected: x=500, y=58, strength=13, track_id=0[0m
[0;32mI (219945) TOUCH: Touch detected: x=500, y=58, strength=13, track_id=0[0m
[0;32mI (219995) TOUCH: Touch detected: x=500, y=58, strength=13, track_id=0[0m
[0;32mI (220045) TOUCH: Touch detected: x=500, y=58, strength=13, track_id=0[0m
[0;32mI (220095) APP: [M] Device in funzione ✓[0m
[0;32mI (220095) TOUCH: Touch detected: x=500, y=58, strength=13, track_id=0[0m
[0;32mI (220145) TOUCH: Touch detected: x=500, y=58, strength=13, track_id=0[0m
[0;32mI (220195) TOUCH: Touch detected: x=500, y=58, strength=13, track_id=0[0m
[0;32mI (220245) TOUCH: Touch detected: x=500, y=58, strength=13, track_id=0[0m
[0;32mI (220295) TOUCH: Touch detected: x=500, y=58, strength=13, track_id=0[0m
[0;32mI (220345) TOUCH: Touch detected: x=500, y=58, strength=13, track_id=0[0m
[0;32mI (220395) TOUCH: Touch detected: x=500, y=58, strength=13, track_id=0[0m
[0;32mI (220445) TOUCH: Touch detected: x=500, y=58, strength=13, track_id=0[0m
[0;32mI (220495) TOUCH: Touch detected: x=500, y=58, strength=13, track_id=0[0m
[0;32mI (220545) TOUCH: Touch detected: x=500, y=58, strength=13, track_id=0[0m
[0;32mI (220595) TOUCH: Touch detected: x=500, y=58, strength=13, track_id=0[0m
[0;32mI (220645) TOUCH: Touch detected: x=500, y=58, strength=13, track_id=0[0m
[0;32mI (220695) TOUCH: Touch detected: x=500, y=58, strength=13, track_id=0[0m
[0;32mI (220745) TOUCH: Touch detected: x=500, y=58, strength=13, track_id=0[0m
[0;32mI (220795) TOUCH: Touch detected: x=500, y=58, strength=13, track_id=0[0m
[0;32mI (220845) TOUCH: Touch detected: x=500, y=58, strength=13, track_id=0[0m
[0;32mI (220895) TOUCH: Touch detected: x=500, y=58, strength=13, track_id=0[0m
[0;32mI (220945) TOUCH: Touch detected: x=500, y=58, strength=13, track_id=0[0m
[0;32mI (220995) TOUCH: Touch detected: x=500, y=58, strength=13, track_id=0[0m
[0;32mI (221045) TOUCH: Touch detected: x=500, y=58, strength=13, track_id=0[0m
[0;32mI (221095) TOUCH: Touch detected: x=500, y=58, strength=13, track_id=0[0m
[0;32mI (221145) USB_CDC_SCANNER: Trying to open CDC device 1EAB:0006[0m
[0;32mI (221145) TOUCH: Touch detected: x=500, y=58, strength=13, track_id=0[0m
[0;32mI (221195) TOUCH: Touch detected: x=500, y=58, strength=13, track_id=0[0m
[0;32mI (221245) TOUCH: Touch detected: x=500, y=58, strength=13, track_id=0[0m
[0;32mI (221295) TOUCH: Touch detected: x=500, y=58, strength=13, track_id=0[0m
[0;32mI (221345) TOUCH: Touch detected: x=500, y=58, strength=13, track_id=0[0m
[0;32mI (221395) TOUCH: Touch detected: x=500, y=58, strength=13, track_id=0[0m
[0;32mI (221445) TOUCH: Touch detected: x=500, y=58, strength=13, track_id=0[0m
[0;32mI (221495) TOUCH: Touch detected: x=500, y=58, strength=13, track_id=0[0m
[0;32mI (221545) TOUCH: Touch detected: x=500, y=58, strength=13, track_id=0[0m
[0;32mI (221595) TOUCH: Touch detected: x=500, y=58, strength=13, track_id=0[0m
[0;32mI (221645) TOUCH: Touch detected: x=500, y=58, strength=13, track_id=0[0m
[0;32mI (221695) TOUCH: Touch detected: x=500, y=58, strength=13, track_id=0[0m
[0;32mI (221745) TOUCH: Touch detected: x=500, y=58, strength=13, track_id=0[0m
[0;32mI (221795) TOUCH: Touch detected: x=500, y=58, strength=13, track_id=0[0m
[0;32mI (221845) TOUCH: Touch detected: x=500, y=58, strength=13, track_id=0[0m
[0;32mI (221895) TOUCH: Touch detected: x=500, y=58, strength=13, track_id=0[0m
[0;32mI (221945) TOUCH: Touch detected: x=500, y=58, strength=13, track_id=0[0m
[0;32mI (221995) TOUCH: Touch detected: x=500, y=58, strength=13, track_id=0[0m
[0;32mI (222045) TOUCH: Touch detected: x=500, y=58, strength=13, track_id=0[0m
[0;32mI (222095) TOUCH: Touch detected: x=500, y=58, strength=13, track_id=0[0m
[0;32mI (222145) USB_CDC_SCANNER: Try dual PID 1EAB:0000[0m
[0;32mI (222145) TOUCH: Touch detected: x=500, y=58, strength=13, track_id=0[0m
[0;32mI (222195) TOUCH: Touch detected: x=500, y=58, strength=13, track_id=0[0m
[0;32mI (222225) WEB_UI: [C] GET /api/logs - Processing request[0m
[0;32mI (222245) TOUCH: Touch detected: x=500, y=58, strength=13, track_id=0[0m
[0;32mI (222305) TOUCH: Touch detected: x=500, y=58, strength=13, track_id=0[0m
[0;32mI (222345) TOUCH: Touch detected: x=500, y=58, strength=13, track_id=0[0m
[0;32mI (222395) TOUCH: Touch detected: x=500, y=58, strength=13, track_id=0[0m
[0;32mI (222445) TOUCH: Touch detected: x=500, y=58, strength=13, track_id=0[0m
[0;32mI (222495) TOUCH: Touch detected: x=500, y=58, strength=13, track_id=0[0m
[0;32mI (222545) TOUCH: Touch detected: x=500, y=58, strength=13, track_id=0[0m
[0;32mI (222595) TOUCH: Touch detected: x=500, y=58, strength=13, track_id=0[0m
[0;32mI (222645) TOUCH: Touch detected: x=500, y=58, strength=13, track_id=0[0m
[0;32mI (222695) TOUCH: Touch detected: x=500, y=58, strength=13, track_id=0[0m
[0;32mI (222745) TOUCH: Touch detected: x=500, y=58, strength=13, track_id=0[0m
[0;32mI (222795) TOUCH: Touch detected: x=500, y=58, strength=13, track_id=0[0m
[0;32mI (222845) TOUCH: Touch detected: x=500, y=58, strength=13, track_id=0[0m
[0;32mI (222895) TOUCH: Touch detected: x=500, y=58, strength=13, track_id=0[0m
[0;32mI (222945) TOUCH: Touch detected: x=500, y=58, strength=13, track_id=0[0m
[0;32mI (222995) TOUCH: Touch detected: x=500, y=58, strength=13, track_id=0[0m
[0;32mI (223045) TOUCH: Touch detected: x=500, y=58, strength=13, track_id=0[0m
[0;32mI (223095) TOUCH: Touch detected: x=500, y=58, strength=13, track_id=0[0m
[0;32mI (223145) USB_CDC_SCANNER: CDC device not found (err=ESP_ERR_NOT_FOUND), enumerating connected devices...[0m
[0;32mI (223145) USB_CDC_SCANNER: USB host reports 0 device(s) connected[0m
[0;32mI (223145) USB_CDC_SCANNER: Retrying in 2s[0m
[0;32mI (223155) TOUCH: Touch detected: x=500, y=58, strength=13, track_id=0[0m
[0;32mI (223195) TOUCH: Touch detected: x=500, y=58, strength=13, track_id=0[0m
[0;32mI (223245) TOUCH: Touch detected: x=500, y=58, strength=13, track_id=0[0m
[0;32mI (223295) TOUCH: Touch detected: x=500, y=58, strength=13, track_id=0[0m
[0;32mI (223345) TOUCH: Touch detected: x=500, y=58, strength=13, track_id=0[0m
[0;32mI (223395) TOUCH: Touch detected: x=500, y=58, strength=13, track_id=0[0m
[0;32mI (223445) TOUCH: Touch detected: x=500, y=58, strength=13, track_id=0[0m
[0;32mI (223495) TOUCH: Touch detected: x=500, y=58, strength=13, track_id=0[0m
[0;32mI (223545) TOUCH: Touch detected: x=500, y=58, strength=13, track_id=0[0m
[0;32mI (223595) TOUCH: Touch detected: x=500, y=58, strength=13, track_id=0[0m
[0;32mI (223645) TOUCH: Touch detected: x=500, y=58, strength=13, track_id=0[0m
[0;32mI (223695) TOUCH: Touch detected: x=500, y=58, strength=13, track_id=0[0m
[0;32mI (223745) TOUCH: Touch detected: x=500, y=58, strength=13, track_id=0[0m
[0;32mI (223795) TOUCH: Touch detected: x=500, y=58, strength=13, track_id=0[0m
[0;32mI (223845) TOUCH: Touch detected: x=500, y=58, strength=13, track_id=0[0m
[0;32mI (223895) TOUCH: Touch detected: x=500, y=58, strength=13, track_id=0[0m
[0;32mI (223945) TOUCH: Touch detected: x=500, y=58, strength=13, track_id=0[0m
[0;32mI (223995) TOUCH: Touch detected: x=500, y=58, strength=13, track_id=0[0m
[0;32mI (224045) TOUCH: Touch detected: x=500, y=58, strength=13, track_id=0[0m
[0;32mI (224095) TOUCH: Touch detected: x=500, y=58, strength=13, track_id=0[0m
[0;32mI (224145) TOUCH: Touch detected: x=500, y=58, strength=13, track_id=0[0m
[0;32mI (224195) TOUCH: Touch detected: x=500, y=58, strength=13, track_id=0[0m
[0;32mI (224245) TOUCH: Touch detected: x=500, y=58, strength=13, track_id=0[0m
[0;32mI (224295) TOUCH: Touch detected: x=500, y=58, strength=13, track_id=0[0m
[0;32mI (224345) TOUCH: Touch detected: x=500, y=58, strength=13, track_id=0[0m
[0;32mI (224395) TOUCH: Touch detected: x=500, y=58, strength=13, track_id=0[0m
[0;32mI (224445) TOUCH: Touch detected: x=500, y=58, strength=13, track_id=0[0m
[0;32mI (224495) TOUCH: Touch detected: x=500, y=58, strength=13, track_id=0[0m
